Build started 13-Apr-15 1:32:56 PM.
     1>Project "C:\Users\Leon\Desktop\University\CS4247\cs4247_assign3_2015_todo\RadiosityViewer.vcxproj" on node 2 (build target(s)).
     1>InitializeBuildStatus:
         Creating "Debug\RadiosityViewer.unsuccessfulbuild" because "AlwaysCreate" was specified.
       ClCompile:
         C:\Program Files (x86)\Microsoft Visual Studio 10.0\VC\bin\CL.exe /c /I./include /ZI /nologo /W3 /WX- /Od /Oy- /D WIN32 /D _DEBUG /D _CONSOLE /Gm /EHsc /RTC1 /MTd /GS /fp:precise /Zc:wchar_t /Zc:forScope /Fo"Debug\\" /Fd"Debug\vc100.pdb" /Gd /TP /analyze- /errorReport:prompt radiosityviewer.cpp
         radiosityviewer.cpp
     1>c:\users\leon\desktop\university\cs4247\cs4247_assign3_2015_todo\radiosityviewer.cpp(120): warning C4996: 'fopen': This function or variable may be unsafe. Consider using fopen_s instead. To disable deprecation, use _CRT_SECURE_NO_WARNINGS. See online help for details.
                 c:\program files (x86)\microsoft visual studio 10.0\vc\include\stdio.h(234) : see declaration of 'fopen'
     1>c:\users\leon\desktop\university\cs4247\cs4247_assign3_2015_todo\radiosityviewer.cpp(126): warning C4996: 'fscanf': This function or variable may be unsafe. Consider using fscanf_s instead. To disable deprecation, use _CRT_SECURE_NO_WARNINGS. See online help for details.
                 c:\program files (x86)\microsoft visual studio 10.0\vc\include\stdio.h(253) : see declaration of 'fscanf'
     1>c:\users\leon\desktop\university\cs4247\cs4247_assign3_2015_todo\radiosityviewer.cpp(141): warning C4996: 'fscanf': This function or variable may be unsafe. Consider using fscanf_s instead. To disable deprecation, use _CRT_SECURE_NO_WARNINGS. See online help for details.
                 c:\program files (x86)\microsoft visual studio 10.0\vc\include\stdio.h(253) : see declaration of 'fscanf'
     1>c:\users\leon\desktop\university\cs4247\cs4247_assign3_2015_todo\radiosityviewer.cpp(144): warning C4996: 'fscanf': This function or variable may be unsafe. Consider using fscanf_s instead. To disable deprecation, use _CRT_SECURE_NO_WARNINGS. See online help for details.
                 c:\program files (x86)\microsoft visual studio 10.0\vc\include\stdio.h(253) : see declaration of 'fscanf'
     1>c:\users\leon\desktop\university\cs4247\cs4247_assign3_2015_todo\radiosityviewer.cpp(256): warning C4996: 'sprintf': This function or variable may be unsafe. Consider using sprintf_s instead. To disable deprecation, use _CRT_SECURE_NO_WARNINGS. See online help for details.
                 c:\program files (x86)\microsoft visual studio 10.0\vc\include\stdio.h(371) : see declaration of 'sprintf'
       ManifestResourceCompile:
         C:\Program Files (x86)\Microsoft SDKs\Windows\v7.0A\bin\rc.exe /nologo /fo"Debug\RadiosityViewer.exe.embed.manifest.res" Debug\RadiosityViewer_manifest.rc 
       Link:
         C:\Program Files (x86)\Microsoft Visual Studio 10.0\VC\bin\link.exe /ERRORREPORT:PROMPT /OUT:"Debug\RadiosityViewer.exe" /INCREMENTAL /NOLOGO /LIBPATH:./lib opengl32.lib glu32.lib glut32.lib kernel32.lib user32.lib gdi32.lib winspool.lib comdlg32.lib advapi32.lib shell32.lib ole32.lib oleaut32.lib uuid.lib odbc32.lib odbccp32.lib /MANIFEST /ManifestFile:"Debug\RadiosityViewer.exe.intermediate.manifest" /MANIFESTUAC:"level='asInvoker' uiAccess='false'" /DEBUG /PDB:"C:\Users\Leon\Desktop\University\CS4247\cs4247_assign3_2015_todo\Debug\RadiosityViewer.pdb" /SUBSYSTEM:CONSOLE /TLBID:1 /DYNAMICBASE:NO /IMPLIB:"Debug\RadiosityViewer.lib" /MACHINE:X86 Debug\RadiosityViewer.exe.embed.manifest.res
         Debug\common.obj
         Debug\radiosityviewer.obj
         Debug\trackball.obj
       Manifest:
         C:\Program Files (x86)\Microsoft SDKs\Windows\v7.0A\bin\mt.exe /nologo /verbose /out:"Debug\RadiosityViewer.exe.embed.manifest" /manifest Debug\RadiosityViewer.exe.intermediate.manifest
         C:\Program Files (x86)\Microsoft SDKs\Windows\v7.0A\bin\rc.exe /nologo /fo"Debug\RadiosityViewer.exe.embed.manifest.res" Debug\RadiosityViewer_manifest.rc 
       LinkEmbedManifest:
         C:\Program Files (x86)\Microsoft Visual Studio 10.0\VC\bin\link.exe /ERRORREPORT:PROMPT /OUT:"Debug\RadiosityViewer.exe" /INCREMENTAL /NOLOGO /LIBPATH:./lib opengl32.lib glu32.lib glut32.lib kernel32.lib user32.lib gdi32.lib winspool.lib comdlg32.lib advapi32.lib shell32.lib ole32.lib oleaut32.lib uuid.lib odbc32.lib odbccp32.lib /MANIFEST /ManifestFile:"Debug\RadiosityViewer.exe.intermediate.manifest" /MANIFESTUAC:"level='asInvoker' uiAccess='false'" /DEBUG /PDB:"C:\Users\Leon\Desktop\University\CS4247\cs4247_assign3_2015_todo\Debug\RadiosityViewer.pdb" /SUBSYSTEM:CONSOLE /TLBID:1 /DYNAMICBASE:NO /IMPLIB:"Debug\RadiosityViewer.lib" /MACHINE:X86 Debug\RadiosityViewer.exe.embed.manifest.res
         Debug\common.obj
         Debug\radiosityviewer.obj
         Debug\trackball.obj
         RadiosityViewer.vcxproj -> C:\Users\Leon\Desktop\University\CS4247\cs4247_assign3_2015_todo\Debug\RadiosityViewer.exe
       FinalizeBuildStatus:
         Deleting file "Debug\RadiosityViewer.unsuccessfulbuild".
         Touching "Debug\RadiosityViewer.lastbuildstate".
     1>Done Building Project "C:\Users\Leon\Desktop\University\CS4247\cs4247_assign3_2015_todo\RadiosityViewer.vcxproj" (build target(s)).

Build succeeded.

Time Elapsed 00:00:03.84
