C:\Users\Leon\Desktop\University\CS4247\cs4247_assign3_2015_todo\Debug\cl.command.1.tlog
C:\Users\Leon\Desktop\University\CS4247\cs4247_assign3_2015_todo\Debug\CL.read.1.tlog
C:\Users\Leon\Desktop\University\CS4247\cs4247_assign3_2015_todo\Debug\CL.write.1.tlog
C:\USERS\LEON\DESKTOP\UNIVERSITY\CS4247\CS4247_ASSIGN3_2015_TODO\DEBUG\COMMON.OBJ
C:\Users\Leon\Desktop\University\CS4247\cs4247_assign3_2015_todo\Debug\link.6492.read.1.tlog
C:\Users\Leon\Desktop\University\CS4247\cs4247_assign3_2015_todo\Debug\link.6492.write.1.tlog
C:\Users\Leon\Desktop\University\CS4247\cs4247_assign3_2015_todo\Debug\link.6492-cvtres.read.1.tlog
C:\Users\Leon\Desktop\University\CS4247\cs4247_assign3_2015_todo\Debug\link.6492-cvtres.write.1.tlog
C:\Users\Leon\Desktop\University\CS4247\cs4247_assign3_2015_todo\Debug\link.7864.read.1.tlog
C:\Users\Leon\Desktop\University\CS4247\cs4247_assign3_2015_todo\Debug\link.7864.write.1.tlog
C:\Users\Leon\Desktop\University\CS4247\cs4247_assign3_2015_todo\Debug\link.7864-cvtres.read.1.tlog
C:\Users\Leon\Desktop\University\CS4247\cs4247_assign3_2015_todo\Debug\link.7864-cvtres.write.1.tlog
C:\Users\Leon\Desktop\University\CS4247\cs4247_assign3_2015_todo\Debug\link.command.1.tlog
C:\Users\Leon\Desktop\University\CS4247\cs4247_assign3_2015_todo\Debug\link.read.1.tlog
C:\Users\Leon\Desktop\University\CS4247\cs4247_assign3_2015_todo\Debug\link.write.1.tlog
C:\Users\Leon\Desktop\University\CS4247\cs4247_assign3_2015_todo\Debug\link-cvtres.read.1.tlog
C:\Users\Leon\Desktop\University\CS4247\cs4247_assign3_2015_todo\Debug\link-cvtres.write.1.tlog
C:\Users\Leon\Desktop\University\CS4247\cs4247_assign3_2015_todo\Debug\mt.command.1.tlog
C:\Users\Leon\Desktop\University\CS4247\cs4247_assign3_2015_todo\Debug\mt.read.1.tlog
C:\Users\Leon\Desktop\University\CS4247\cs4247_assign3_2015_todo\Debug\mt.write.1.tlog
C:\USERS\LEON\DESKTOP\UNIVERSITY\CS4247\CS4247_ASSIGN3_2015_TODO\DEBUG\QUADMODEL.OBJ
C:\USERS\LEON\DESKTOP\UNIVERSITY\CS4247\CS4247_ASSIGN3_2015_TODO\DEBUG\RADIOSITYSOLVER.EXE
C:\USERS\LEON\DESKTOP\UNIVERSITY\CS4247\CS4247_ASSIGN3_2015_TODO\DEBUG\RADIOSITYSOLVER.EXE.EMBED.MANIFEST
C:\USERS\LEON\DESKTOP\UNIVERSITY\CS4247\CS4247_ASSIGN3_2015_TODO\DEBUG\RADIOSITYSOLVER.EXE.EMBED.MANIFEST.RES
C:\USERS\LEON\DESKTOP\UNIVERSITY\CS4247\CS4247_ASSIGN3_2015_TODO\DEBUG\RADIOSITYSOLVER.EXE.INTERMEDIATE.MANIFEST
C:\USERS\LEON\DESKTOP\UNIVERSITY\CS4247\CS4247_ASSIGN3_2015_TODO\DEBUG\RADIOSITYSOLVER.ILK
C:\USERS\LEON\DESKTOP\UNIVERSITY\CS4247\CS4247_ASSIGN3_2015_TODO\DEBUG\RADIOSITYSOLVER.OBJ
C:\USERS\LEON\DESKTOP\UNIVERSITY\CS4247\CS4247_ASSIGN3_2015_TODO\DEBUG\RADIOSITYSOLVER.PDB
C:\Users\Leon\Desktop\University\CS4247\cs4247_assign3_2015_todo\Debug\RadiositySolver.write.1.tlog
C:\Users\Leon\Desktop\University\CS4247\cs4247_assign3_2015_todo\Debug\RadiositySolver_manifest.rc
C:\USERS\LEON\DESKTOP\UNIVERSITY\CS4247\CS4247_ASSIGN3_2015_TODO\DEBUG\RADIOSITYVIEWER.EXE
C:\USERS\LEON\DESKTOP\UNIVERSITY\CS4247\CS4247_ASSIGN3_2015_TODO\DEBUG\RADIOSITYVIEWER.EXE.EMBED.MANIFEST
C:\USERS\LEON\DESKTOP\UNIVERSITY\CS4247\CS4247_ASSIGN3_2015_TODO\DEBUG\RADIOSITYVIEWER.EXE.EMBED.MANIFEST.RES
C:\USERS\LEON\DESKTOP\UNIVERSITY\CS4247\CS4247_ASSIGN3_2015_TODO\DEBUG\RADIOSITYVIEWER.EXE.INTERMEDIATE.MANIFEST
C:\USERS\LEON\DESKTOP\UNIVERSITY\CS4247\CS4247_ASSIGN3_2015_TODO\DEBUG\RADIOSITYVIEWER.ILK
C:\USERS\LEON\DESKTOP\UNIVERSITY\CS4247\CS4247_ASSIGN3_2015_TODO\DEBUG\RADIOSITYVIEWER.OBJ
C:\USERS\LEON\DESKTOP\UNIVERSITY\CS4247\CS4247_ASSIGN3_2015_TODO\DEBUG\RADIOSITYVIEWER.PDB
C:\Users\Leon\Desktop\University\CS4247\cs4247_assign3_2015_todo\Debug\RadiosityViewer.write.1.tlog
C:\Users\Leon\Desktop\University\CS4247\cs4247_assign3_2015_todo\Debug\RadiosityViewer_manifest.rc
C:\Users\Leon\Desktop\University\CS4247\cs4247_assign3_2015_todo\Debug\rc.command.1.tlog
C:\Users\Leon\Desktop\University\CS4247\cs4247_assign3_2015_todo\Debug\rc.read.1.tlog
C:\Users\Leon\Desktop\University\CS4247\cs4247_assign3_2015_todo\Debug\rc.write.1.tlog
C:\USERS\LEON\DESKTOP\UNIVERSITY\CS4247\CS4247_ASSIGN3_2015_TODO\DEBUG\TRACKBALL.OBJ
C:\Users\Leon\Desktop\University\CS4247\cs4247_assign3_2015_todo\Debug\vc100.idb
C:\USERS\LEON\DESKTOP\UNIVERSITY\CS4247\CS4247_ASSIGN3_2015_TODO\DEBUG\VC100.PDB
Debug\RadiosityViewer.ilk
Debug\RadiosityViewer.pdb
